<?xml version="1.0" encoding="UTF-8"?>
<!-- Generated by org.testng.reporters.JUnitReportReporter -->
<testsuite hostname="Babloo" failures="0" tests="4" name="com.contest.tests.TelecomProjectTests" time="32.467" errors="0" timestamp="2024-07-29T12:26:43 PDT" skipped="0">
  <testcase classname="com.contest.tests.TelecomProjectTests" name="payBillingTest" time="9.813"/>
  <testcase classname="com.contest.tests.TelecomProjectTests" name="addCustomerTest" time="6.384"/>
  <testcase classname="com.contest.tests.TelecomProjectTests" name="addTarrifPlanToCustomerTest" time="6.773"/>
  <testcase classname="com.contest.tests.TelecomProjectTests" name="addTarrifPlanTest" time="9.497"/>
</testsuite> <!-- com.contest.tests.TelecomProjectTests -->
